{"D:\\Lessons\\GB\\Vue\\Lesson2\\.eslintrc.js": {"path":"D:\\Lessons\\GB\\Vue\\Lesson2\\.eslintrc.js","statementMap":{"0":{"start":{"line":1,"column":0},"end":{"line":17,"column":1}}},"fnMap":{},"branchMap":{"0":{"loc":{"start":{"line":14,"column":18},"end":{"line":14,"column":72}},"type":"cond-expr","locations":[{"start":{"line":14,"column":58},"end":{"line":14,"column":64}},{"start":{"line":14,"column":67},"end":{"line":14,"column":72}}],"line":14},"1":{"loc":{"start":{"line":15,"column":19},"end":{"line":15,"column":73}},"type":"cond-expr","locations":[{"start":{"line":15,"column":59},"end":{"line":15,"column":65}},{"start":{"line":15,"column":68},"end":{"line":15,"column":73}}],"line":15}},"s":{"0":0},"f":{},"b":{"0":[0,0],"1":[0,0]}}
,"D:\\Lessons\\GB\\Vue\\Lesson2\\babel.config.js": {"path":"D:\\Lessons\\GB\\Vue\\Lesson2\\babel.config.js","statementMap":{"0":{"start":{"line":1,"column":0},"end":{"line":5,"column":1}}},"fnMap":{},"branchMap":{},"s":{"0":0},"f":{},"b":{}}
,"D:\\Lessons\\GB\\Vue\\Lesson2\\src\\App.vue": {"path":"D:\\Lessons\\GB\\Vue\\Lesson2\\src\\App.vue","statementMap":{"0":{"start":{"line":13,"column":0},"end":{"line":13,"column":null}},"1":{"start":{"line":14,"column":0},"end":{"line":14,"column":null}},"2":{"start":{"line":22,"column":0},"end":{"line":22,"column":null}},"3":{"start":{"line":29,"column":0},"end":{"line":29,"column":null}},"4":{"start":{"line":30,"column":0},"end":{"line":30,"column":null}},"5":{"start":{"line":33,"column":0},"end":{"line":33,"column":null}},"6":{"start":{"line":36,"column":0},"end":{"line":36,"column":null}},"7":{"start":{"line":39,"column":0},"end":{"line":39,"column":null}},"8":{"start":{"line":42,"column":0},"end":{"line":42,"column":null}}},"fnMap":{"0":{"name":"(anonymous_1)","decl":{"start":{"line":21,"column":0},"end":{"line":21,"column":null}},"loc":{"start":{"line":21,"column":0},"end":{"line":26,"column":null}}},"1":{"name":"(anonymous_2)","decl":{"start":{"line":28,"column":0},"end":{"line":28,"column":null}},"loc":{"start":{"line":28,"column":0},"end":{"line":31,"column":null}}},"2":{"name":"(anonymous_3)","decl":{"start":{"line":32,"column":0},"end":{"line":32,"column":null}},"loc":{"start":{"line":32,"column":0},"end":{"line":34,"column":null}}},"3":{"name":"(anonymous_4)","decl":{"start":{"line":35,"column":0},"end":{"line":35,"column":null}},"loc":{"start":{"line":35,"column":0},"end":{"line":37,"column":null}}},"4":{"name":"(anonymous_5)","decl":{"start":{"line":38,"column":0},"end":{"line":38,"column":null}},"loc":{"start":{"line":38,"column":0},"end":{"line":40,"column":null}}},"5":{"name":"(anonymous_6)","decl":{"start":{"line":41,"column":0},"end":{"line":41,"column":null}},"loc":{"start":{"line":41,"column":0},"end":{"line":43,"column":null}}}},"branchMap":{},"s":{"0":0,"1":0,"2":0,"3":0,"4":0,"5":0,"6":0,"7":0,"8":0},"f":{"0":0,"1":0,"2":0,"3":0,"4":0,"5":0},"b":{}}
,"D:\\Lessons\\GB\\Vue\\Lesson2\\src\\main.js": {"path":"D:\\Lessons\\GB\\Vue\\Lesson2\\src\\main.js","statementMap":{"0":{"start":{"line":4,"column":0},"end":{"line":4,"column":32}},"1":{"start":{"line":6,"column":0},"end":{"line":8,"column":17}},"2":{"start":{"line":7,"column":15},"end":{"line":7,"column":21}}},"fnMap":{"0":{"name":"(anonymous_0)","decl":{"start":{"line":7,"column":10},"end":{"line":7,"column":11}},"loc":{"start":{"line":7,"column":15},"end":{"line":7,"column":21}},"line":7}},"branchMap":{},"s":{"0":0,"1":0,"2":0},"f":{"0":0},"b":{}}
,"D:\\Lessons\\GB\\Vue\\Lesson2\\src\\components\\Calc.vue": {"path":"D:\\Lessons\\GB\\Vue\\Lesson2\\src\\components\\Calc.vue","statementMap":{"0":{"start":{"line":78,"column":0},"end":{"line":78,"column":null}},"1":{"start":{"line":101,"column":0},"end":{"line":101,"column":null}},"2":{"start":{"line":102,"column":0},"end":{"line":102,"column":null}},"3":{"start":{"line":105,"column":0},"end":{"line":105,"column":null}},"4":{"start":{"line":106,"column":0},"end":{"line":106,"column":null}},"5":{"start":{"line":109,"column":0},"end":{"line":109,"column":null}},"6":{"start":{"line":110,"column":0},"end":{"line":112,"column":null}},"7":{"start":{"line":111,"column":0},"end":{"line":111,"column":null}},"8":{"start":{"line":112,"column":0},"end":{"line":112,"column":null}},"9":{"start":{"line":115,"column":0},"end":{"line":115,"column":null}},"10":{"start":{"line":116,"column":0},"end":{"line":116,"column":null}},"11":{"start":{"line":119,"column":0},"end":{"line":119,"column":null}},"12":{"start":{"line":120,"column":0},"end":{"line":120,"column":null}},"13":{"start":{"line":123,"column":0},"end":{"line":123,"column":null}},"14":{"start":{"line":124,"column":0},"end":{"line":124,"column":null}},"15":{"start":{"line":127,"column":0},"end":{"line":127,"column":null}},"16":{"start":{"line":128,"column":0},"end":{"line":128,"column":null}},"17":{"start":{"line":129,"column":0},"end":{"line":129,"column":null}},"18":{"start":{"line":130,"column":0},"end":{"line":130,"column":null}},"19":{"start":{"line":131,"column":0},"end":{"line":131,"column":null}},"20":{"start":{"line":132,"column":0},"end":{"line":132,"column":null}},"21":{"start":{"line":133,"column":0},"end":{"line":133,"column":null}},"22":{"start":{"line":134,"column":0},"end":{"line":134,"column":null}},"23":{"start":{"line":138,"column":0},"end":{"line":138,"column":null}},"24":{"start":{"line":139,"column":0},"end":{"line":139,"column":null}},"25":{"start":{"line":140,"column":0},"end":{"line":140,"column":null}},"26":{"start":{"line":141,"column":0},"end":{"line":141,"column":null}},"27":{"start":{"line":142,"column":0},"end":{"line":142,"column":null}},"28":{"start":{"line":145,"column":0},"end":{"line":145,"column":null}},"29":{"start":{"line":146,"column":0},"end":{"line":146,"column":null}}},"fnMap":{"0":{"name":"(anonymous_1)","decl":{"start":{"line":77,"column":0},"end":{"line":77,"column":null}},"loc":{"start":{"line":77,"column":0},"end":{"line":97,"column":null}}},"1":{"name":"(anonymous_2)","decl":{"start":{"line":98,"column":0},"end":{"line":98,"column":null}},"loc":{"start":{"line":98,"column":0},"end":{"line":98,"column":null}}},"2":{"name":"(anonymous_3)","decl":{"start":{"line":100,"column":0},"end":{"line":100,"column":null}},"loc":{"start":{"line":100,"column":0},"end":{"line":103,"column":null}}},"3":{"name":"(anonymous_4)","decl":{"start":{"line":104,"column":0},"end":{"line":104,"column":null}},"loc":{"start":{"line":104,"column":0},"end":{"line":107,"column":null}}},"4":{"name":"(anonymous_5)","decl":{"start":{"line":108,"column":0},"end":{"line":108,"column":null}},"loc":{"start":{"line":108,"column":0},"end":{"line":113,"column":null}}},"5":{"name":"(anonymous_6)","decl":{"start":{"line":114,"column":0},"end":{"line":114,"column":null}},"loc":{"start":{"line":114,"column":0},"end":{"line":117,"column":null}}},"6":{"name":"(anonymous_7)","decl":{"start":{"line":118,"column":0},"end":{"line":118,"column":null}},"loc":{"start":{"line":118,"column":0},"end":{"line":121,"column":null}}},"7":{"name":"(anonymous_8)","decl":{"start":{"line":122,"column":0},"end":{"line":122,"column":null}},"loc":{"start":{"line":122,"column":0},"end":{"line":125,"column":null}}},"8":{"name":"(anonymous_9)","decl":{"start":{"line":126,"column":0},"end":{"line":126,"column":null}},"loc":{"start":{"line":126,"column":0},"end":{"line":136,"column":null}}},"9":{"name":"(anonymous_10)","decl":{"start":{"line":137,"column":0},"end":{"line":137,"column":null}},"loc":{"start":{"line":137,"column":0},"end":{"line":143,"column":null}}},"10":{"name":"(anonymous_11)","decl":{"start":{"line":144,"column":0},"end":{"line":144,"column":null}},"loc":{"start":{"line":144,"column":0},"end":{"line":147,"column":null}}}},"branchMap":{"0":{"loc":{"start":{"line":110,"column":0},"end":{"line":112,"column":null}},"type":"if","locations":[{"start":{"line":110,"column":0},"end":{"line":112,"column":null}},{"start":{"line":112,"column":0},"end":{"line":112,"column":null}}]},"1":{"loc":{"start":{"line":128,"column":0},"end":{"line":128,"column":null}},"type":"switch","locations":[{"start":{"line":129,"column":0},"end":{"line":129,"column":null}},{"start":{"line":130,"column":0},"end":{"line":130,"column":null}},{"start":{"line":131,"column":0},"end":{"line":131,"column":null}},{"start":{"line":132,"column":0},"end":{"line":132,"column":null}},{"start":{"line":133,"column":0},"end":{"line":133,"column":null}},{"start":{"line":134,"column":0},"end":{"line":134,"column":null}}]}},"s":{"0":0,"1":0,"2":0,"3":0,"4":0,"5":0,"6":0,"7":0,"8":0,"9":0,"10":0,"11":0,"12":0,"13":0,"14":0,"15":0,"16":0,"17":0,"18":0,"19":0,"20":0,"21":0,"22":0,"23":0,"24":0,"25":0,"26":0,"27":0,"28":0,"29":0},"f":{"0":0,"1":0,"2":0,"3":0,"4":0,"5":0,"6":0,"7":0,"8":0,"9":0,"10":0},"b":{"0":[0,0],"1":[0,0,0,0,0,0]}}
,"D:\\Lessons\\GB\\Vue\\Lesson2\\src\\tests\\TestComponent.vue": {"path":"D:\\Lessons\\GB\\Vue\\Lesson2\\src\\tests\\TestComponent.vue","statementMap":{"0":{"start":{"line":15,"column":0},"end":{"line":15,"column":null}}},"fnMap":{"0":{"name":"(anonymous_1)","decl":{"start":{"line":14,"column":0},"end":{"line":14,"column":null}},"loc":{"start":{"line":14,"column":0},"end":{"line":16,"column":null}}},"1":{"name":"(anonymous_2)","decl":{"start":{"line":17,"column":0},"end":{"line":17,"column":null}},"loc":{"start":{"line":17,"column":0},"end":{"line":17,"column":null}}}},"branchMap":{},"s":{"0":1},"f":{"0":1,"1":1},"b":{}}
}
