TN:
SF:.eslintrc.js
FNF:0
FNH:0
DA:1,0
LF:1
LH:0
BRDA:14,0,0,0
BRDA:14,0,1,0
BRDA:15,1,0,0
BRDA:15,1,1,0
BRF:4
BRH:0
end_of_record
TN:
SF:babel.config.js
FNF:0
FNH:0
DA:1,0
LF:1
LH:0
BRF:0
BRH:0
end_of_record
TN:
SF:src\App.vue
FN:21,(anonymous_1)
FN:28,(anonymous_2)
FN:32,(anonymous_3)
FN:35,(anonymous_4)
FN:38,(anonymous_5)
FN:41,(anonymous_6)
FNF:6
FNH:0
FNDA:0,(anonymous_1)
FNDA:0,(anonymous_2)
FNDA:0,(anonymous_3)
FNDA:0,(anonymous_4)
FNDA:0,(anonymous_5)
FNDA:0,(anonymous_6)
DA:13,0
DA:14,0
DA:22,0
DA:29,0
DA:30,0
DA:33,0
DA:36,0
DA:39,0
DA:42,0
LF:9
LH:0
BRF:0
BRH:0
end_of_record
TN:
SF:src\main.js
FN:7,(anonymous_0)
FNF:1
FNH:0
FNDA:0,(anonymous_0)
DA:4,0
DA:6,0
DA:7,0
LF:3
LH:0
BRF:0
BRH:0
end_of_record
TN:
SF:src\pages\Calc.vue
FN:78,(anonymous_1)
FN:99,(anonymous_2)
FN:101,(anonymous_3)
FN:105,(anonymous_4)
FN:109,(anonymous_5)
FN:115,(anonymous_6)
FN:119,(anonymous_7)
FN:123,(anonymous_8)
FN:127,(anonymous_9)
FN:138,(anonymous_10)
FN:145,(anonymous_11)
FNF:11
FNH:2
FNDA:7,(anonymous_1)
FNDA:7,(anonymous_2)
FNDA:0,(anonymous_3)
FNDA:0,(anonymous_4)
FNDA:0,(anonymous_5)
FNDA:0,(anonymous_6)
FNDA:0,(anonymous_7)
FNDA:0,(anonymous_8)
FNDA:0,(anonymous_9)
FNDA:0,(anonymous_10)
FNDA:0,(anonymous_11)
DA:79,7
DA:102,0
DA:103,0
DA:106,0
DA:107,0
DA:110,0
DA:111,0
DA:112,0
DA:113,0
DA:116,0
DA:117,0
DA:120,0
DA:121,0
DA:124,0
DA:125,0
DA:128,0
DA:129,0
DA:130,0
DA:131,0
DA:132,0
DA:133,0
DA:134,0
DA:135,0
DA:139,0
DA:140,0
DA:141,0
DA:142,0
DA:143,0
DA:146,0
DA:147,0
LF:30
LH:1
BRDA:111,0,0,0
BRDA:111,0,1,0
BRDA:129,1,0,0
BRDA:129,1,1,0
BRDA:129,1,2,0
BRDA:129,1,3,0
BRDA:129,1,4,0
BRDA:129,1,5,0
BRF:8
BRH:0
end_of_record
TN:
SF:src\router\index.js
FN:11,(anonymous_0)
FN:23,(anonymous_1)
FNF:2
FNH:0
FNDA:0,(anonymous_0)
FNDA:0,(anonymous_1)
DA:4,0
DA:6,0
DA:12,0
DA:17,0
DA:23,0
DA:24,0
LF:6
LH:0
BRF:0
BRH:0
end_of_record
TN:
SF:src\tests\TestComponent.vue
FN:14,(anonymous_1)
FN:17,(anonymous_2)
FNF:2
FNH:2
FNDA:1,(anonymous_1)
FNDA:1,(anonymous_2)
DA:15,1
LF:1
LH:1
BRF:0
BRH:0
end_of_record
